{"lc_cell_meme": {"current": "8678ef98-9188-11e9-8556-02420a010127"}}
----
!dig @m.root-servers.net www.google.com
----
path: /home/yoko69d621/textbook/nw_sec/.log/20200702/20200702-010855-0035.log
notebook_path: textbook/nw_sec/10-network-dns.ipynb
lc_notebook_meme: 8678eba6-9188-11e9-8556-02420a010127
server_signature: 5e786c6e-5fea-11e9-b810-02420a00005a
uid: 1005
gid: 100
start time: 2020-07-02 01:08:55(UTC)
----

; <<>> DiG 9.11.3-1ubuntu1.12-Ubuntu <<>> @m.root-servers.net www.google.com
; (1 server found)
;; global options: +cmd
;; Got answer:
;; ->>HEADER<<- opcode: QUERY, status: NOERROR, id: 18342
;; flags: qr rd; QUERY: 1, ANSWER: 0, AUTHORITY: 13, ADDITIONAL: 27
;; WARNING: recursion requested but not available

;; OPT PSEUDOSECTION:
; EDNS: version: 0, flags:; udp: 4096
;; QUESTION SECTION:
;www.google.com.			IN	A

;; AUTHORITY SECTION:
com.			172800	IN	NS	i.gtld-servers.net.
com.			172800	IN	NS	g.gtld-servers.net.
com.			172800	IN	NS	d.gtld-servers.net.
com.			172800	IN	NS	a.gtld-servers.net.
com.			172800	IN	NS	m.gtld-servers.net.
com.			172800	IN	NS	c.gtld-servers.net.
com.			172800	IN	NS	f.gtld-servers.net.
com.			172800	IN	NS	l.gtld-servers.net.
com.			172800	IN	NS	e.gtld-servers.net.
com.			172800	IN	NS	b.gtld-servers.net.
com.			172800	IN	NS	k.gtld-servers.net.
com.			172800	IN	NS	j.gtld-servers.net.
com.			172800	IN	NS	h.gtld-servers.net.

;; ADDITIONAL SECTION:
a.gtld-servers.net.	172800	IN	A	192.5.6.30
b.gtld-servers.net.	172800	IN	A	192.33.14.30
c.gtld-servers.net.	172800	IN	A	192.26.92.30
d.gtld-servers.net.	172800	IN	A	192.31.80.30
e.gtld-servers.net.	172800	IN	A	192.12.94.30
f.gtld-servers.net.	172800	IN	A	192.35.51.30
g.gtld-servers.net.	172800	IN	A	192.42.93.30
h.gtld-servers.net.	172800	IN	A	192.54.112.30
i.gtld-servers.net.	172800	IN	A	192.43.172.30
j.gtld-servers.net.	172800	IN	A	192.48.79.30
k.gtld-servers.net.	172800	IN	A	192.52.178.30
l.gtld-servers.net.	172800	IN	A	192.41.162.30
m.gtld-servers.net.	172800	IN	A	192.55.83.30
a.gtld-servers.net.	172800	IN	AAAA	2001:503:a83e::2:30
b.gtld-servers.net.	172800	IN	AAAA	2001:503:231d::2:30
c.gtld-servers.net.	172800	IN	AAAA	2001:503:83eb::30
d.gtld-servers.net.	172800	IN	AAAA	2001:500:856e::30
e.gtld-servers.net.	172800	IN	AAAA	2001:502:1ca1::30
f.gtld-servers.net.	172800	IN	AAAA	2001:503:d414::30
g.gtld-servers.net.	172800	IN	AAAA	2001:503:eea3::30
h.gtld-servers.net.	172800	IN	AAAA	2001:502:8cc::30
i.gtld-servers.net.	172800	IN	AAAA	2001:503:39c1::30
j.gtld-servers.net.	172800	IN	AAAA	2001:502:7094::30
k.gtld-servers.net.	172800	IN	AAAA	2001:503:d2d::30
l.gtld-servers.net.	172800	IN	AAAA	2001:500:d937::30
m.gtld-servers.net.	172800	IN	AAAA	2001:501:b1f9::30

;; Query time: 4 msec
;; SERVER: 202.12.27.33#53(202.12.27.33)
;; WHEN: Thu Jul 02 01:08:56 UTC 2020
;; MSG SIZE  rcvd: 839


----
end time: 2020-07-02 01:08:56(UTC)
1 chunks with matched keywords or errors
----
execute_reply_status: ok
