{"lc_cell_meme": {"current": "8678efca-9188-11e9-8556-02420a010127"}}
----
!dig @m.gtld-servers.net www.google.com
----
path: /home/yoko69d621/textbook/nw_sec/.log/20200702/20200702-011016-0792.log
notebook_path: textbook/nw_sec/10-network-dns.ipynb
lc_notebook_meme: 8678eba6-9188-11e9-8556-02420a010127
server_signature: 5e786c6e-5fea-11e9-b810-02420a00005a
uid: 1005
gid: 100
start time: 2020-07-02 01:10:16(UTC)
----

; <<>> DiG 9.11.3-1ubuntu1.12-Ubuntu <<>> @m.gtld-servers.net www.google.com
; (1 server found)
;; global options: +cmd
;; Got answer:
;; ->>HEADER<<- opcode: QUERY, status: NOERROR, id: 63445
;; flags: qr rd; QUERY: 1, ANSWER: 0, AUTHORITY: 4, ADDITIONAL: 9
;; WARNING: recursion requested but not available

;; OPT PSEUDOSECTION:
; EDNS: version: 0, flags:; udp: 4096
;; QUESTION SECTION:
;www.google.com.			IN	A

;; AUTHORITY SECTION:
google.com.		172800	IN	NS	ns2.google.com.
google.com.		172800	IN	NS	ns1.google.com.
google.com.		172800	IN	NS	ns3.google.com.
google.com.		172800	IN	NS	ns4.google.com.

;; ADDITIONAL SECTION:
ns2.google.com.		172800	IN	AAAA	2001:4860:4802:34::a
ns2.google.com.		172800	IN	A	216.239.34.10
ns1.google.com.		172800	IN	AAAA	2001:4860:4802:32::a
ns1.google.com.		172800	IN	A	216.239.32.10
ns3.google.com.		172800	IN	AAAA	2001:4860:4802:36::a
ns3.google.com.		172800	IN	A	216.239.36.10
ns4.google.com.		172800	IN	AAAA	2001:4860:4802:38::a
ns4.google.com.		172800	IN	A	216.239.38.10

;; Query time: 171 msec
;; SERVER: 192.55.83.30#53(192.55.83.30)
;; WHEN: Thu Jul 02 01:10:18 UTC 2020
;; MSG SIZE  rcvd: 291


----
end time: 2020-07-02 01:10:18(UTC)
1 chunks with matched keywords or errors
----
execute_reply_status: ok
