{"lc_cell_meme": {"current": "8678f024-9188-11e9-8556-02420a010127"}}
----
!dig www.gunma-u.ac.jp
----
path: /home/yoko69d621/textbook/nw_sec/.log/20200702/20200702-011813-0444.log
notebook_path: textbook/nw_sec/10-network-dns.ipynb
lc_notebook_meme: 8678eba6-9188-11e9-8556-02420a010127
server_signature: 5e786c6e-5fea-11e9-b810-02420a00005a
uid: 1005
gid: 100
start time: 2020-07-02 01:18:13(UTC)
----

; <<>> DiG 9.11.3-1ubuntu1.12-Ubuntu <<>> www.gunma-u.ac.jp
;; global options: +cmd
;; Got answer:
;; ->>HEADER<<- opcode: QUERY, status: NOERROR, id: 46450
;; flags: qr rd ra; QUERY: 1, ANSWER: 1, AUTHORITY: 0, ADDITIONAL: 1

;; OPT PSEUDOSECTION:
; EDNS: version: 0, flags:; udp: 4096
;; QUESTION SECTION:
;www.gunma-u.ac.jp.		IN	A

;; ANSWER SECTION:
www.gunma-u.ac.jp.	3305	IN	A	202.213.39.133

;; Query time: 0 msec
;; SERVER: 127.0.0.11#53(127.0.0.11)
;; WHEN: Thu Jul 02 01:18:14 UTC 2020
;; MSG SIZE  rcvd: 62


----
end time: 2020-07-02 01:18:14(UTC)
1 chunks with matched keywords or errors
----
execute_reply_status: ok
