{"lc_cell_meme": {"current": "d9dbb862-6be2-11e9-96dc-02420a00000b"}}
----
!ip --help; true
----
path: /home/yoko69d621/textbook/nw_sec/.log/20200527/20200527-090332-0778.log
notebook_path: textbook/nw_sec/4-linux-network.ipynb
lc_notebook_meme: d9dbb4de-6be2-11e9-96dc-02420a00000b
server_signature: 5e786c6e-5fea-11e9-b810-02420a00005a
uid: 1005
gid: 100
start time: 2020-05-27 09:03:32(UTC)
----
Usage: ip [ OPTIONS ] OBJECT { COMMAND | help }
       ip [ -force ] -batch filename
where  OBJECT := { link | address | addrlabel | route | rule | neigh | ntable |
                   tunnel | tuntap | maddress | mroute | mrule | monitor | xfrm |
                   netns | l2tp | fou | macsec | tcp_metrics | token | netconf | ila |
                   vrf | sr }
       OPTIONS := { -V[ersion] | -s[tatistics] | -d[etails] | -r[esolve] |
                    -h[uman-readable] | -iec |
                    -f[amily] { inet | inet6 | ipx | dnet | mpls | bridge | link } |
                    -4 | -6 | -I | -D | -B | -0 |
                    -l[oops] { maximum-addr-flush-attempts } | -br[ief] |
                    -o[neline] | -t[imestamp] | -ts[hort] | -b[atch] [filename] |
                    -rc[vbuf] [size] | -n[etns] name | -a[ll] | -c[olor]}

----
end time: 2020-05-27 09:03:33(UTC)
0 chunks with matched keywords or errors
----
execute_reply_status: ok
