{"lc_cell_meme": {"current": "23d79f42-7eb8-11ea-86a9-02420a01000c"}}
----
print("このセルは実行可能なコードを含みます。")
message = "新規挿入されたセルはデフォルトでコードセルになっています。"
message += "\nコマンドモードで y を押すとコードセルに変更できます。"
print(message)


----
path: /home/yoko69d621/textbook/jupyter101/genome-sci/.log/20200415/20200415-013009-0940.log
notebook_path: textbook/jupyter101/genome-sci/jupyter_introduction.ipynb
lc_notebook_meme: 23d7901a-7eb8-11ea-86a9-02420a01000c
server_signature: 5e786c6e-5fea-11e9-b810-02420a00005a
uid: 1005
gid: 100
start time: 2020-04-15 01:30:09(UTC)
----
このセルは実行可能なコードを含みます。
新規挿入されたセルはデフォルトでコードセルになっています。
コマンドモードで y を押すとコードセルに変更できます。

----
end time: 2020-04-15 01:30:09(UTC)
0 chunks with matched keywords or errors
----
execute_reply_status: ok
