{"lc_cell_meme": {"current": "1cadfb3c-8736-11e9-8556-02420a010127"}}
----
!curl https://www.nic.ad.jp/ja/ip/as-numbers.txt
----
path: /home/yoko69d621/textbook/nw_sec/.log/20200622/20200622-005543-0928.log
notebook_path: textbook/nw_sec/8-linux-network-wan.ipynb
lc_notebook_meme: 1cadf7d6-8736-11e9-8556-02420a010127
server_signature: 5e786c6e-5fea-11e9-b810-02420a00005a
uid: 1005
gid: 100
start time: 2020-06-22 00:55:43(UTC)
----
                      AS番号リスト (2020/06/22現在)
                                            *: JPNICに対して返却済みまたは、
                                               他のレジストリに移転されたもの
---------------------------------------------------------------------------
AS番号    AS名         連絡先
---------------------------------------------------------------------------
2497      IIJ          JP00006327
2498*
2499      ipv4exh-lab   JP00048505
2500      WIDE-BB      JM002JP
2501      UTnet        MN010JP
2502      TRAIN        MN010JP
2503*
2504      NCA5         JP00171298
2505      HEPNET-J     FY006JP
2506      SuperCSI     JP00026722
2507*
2508      kyushu-u     NF6936JP
2509*
2510      INFOWEB      YK13517JP
2511      CORE         MM10039JP
2512      TCP-NET      RY003JP
2513      JST          JP00131210
2514      InfoSphere   MH9282JP
2515      JPNIC        MO33862JP
2516      KDDI         JP00000127
2517*
2518      BIGLOBE      JP00020891
2519      VECTANT      JP00179911
2520*
2521*
2522      PPP-EXP      JP00163509
2523      ITRC-NET     YO7514JP
2524      RIM          HN6137JP
2525*
2526      HITNET       SS46776JP
2527      So-net       MK2734JP
2528*
2554      IDCF2554     JP00169834
2907      SINET-AS     JP00006158
3488      JAXAnet      KK51881JP
4197*
4672      IBMNET       YO38255JP
4673      INTERVIA     SW2427JP
4674*
4675      U-NETSURF    TM13855JP
4676*
4677      PTOP         JO2566JP
4678      FINE         NK7655JP
4679*
4680      MIND         JP00001287
4681*
4682      ITNET        JP00035900
4683      PAS          SM078JP
4684      NTTPC        HH1558JP
4685      ASAHI-NET    JP00057756
4686      BEKKOAME     KO022JP
4687*
4688      HI-HO        JP00006327
4689*
4690      WIDE-SFO     JM002JP
4691      DTI          MH4804JP
4692      INTERGATE    MF049JP
4693      CSK          TH9886JP
4694      IDCF         JP00169834
4695      URBAN        JP00076967
4696*
4697      NTTV6NET     JP00188179
4698      INTERLINK    YT107JP
4699*
4700      NIJI-NET     TT170JP
4701*
4702*
4703*
4704      SANNET       DU042JP
4705*
4706*
4707*
4708      INFONIA      HK042JP
4709      NETLAPUTA    KM12000JP
4710      NTTV6NET2    JP00188179
4711      INTEC        YY9181JP
4712      JT-Net       HS049JP
4713      OCN          AY1361JP
4714*
4715*
4716      POWEREDCOM   DK1011JP
4717      AI3          JM002JP
4718      CKP          SY014JP
4719      ONKYO        JP00145851
4720*
4721      JCN          YO17025JP
4722      SB4722       JP00147194
4723      DOLPHIN      JP00006416
4724*
4725      ODN          JP00035900
4726*
4727      BSS          MO278JP
4728*
4729      JAEA         EK3903JP
4730      ODINS        SN1931JP
4731*
4732      DION         JP00000127
4733*
4734*
4735*
7488*
7500      M-ROOT-DNS   JM002JP
7501*
7502      IP-KYOTO     JP00006793
7503      AIR          MT255JP
7504*
7505      MEDIAWEB     YW1759JP
7506      INTERQ       JP00016074
7507*
7508*
7509      HINET        YT8036JP
7510*
7511      SYNAPSE      JP00146894
7512      WITH         TK760JP
7513      SHIELD       KK15181JP
7514      MEX          HT5100JP
7515      GROBAL-OCN   JP00011523
7516      TOHKNET      TK34181JP
7517      MII          HS6373JP
7518*
7519*
7520*
7521      MFEED        JP00001394
7522      STCN         JP00025529
7523      TECHNOW      JP00036809
7524      HANSHIN      NH1123JP
7525*
7526      MIND-US      JP00001287
7527      JPIX         JP00001358
7528*
7529      NETIRD       JP00025313
7530      BBTower-Lab   JP00105185
7531      GENOME       MK7045JP
7660      APAN-JP      SG001JP
7661      NORTH        NO182JP
7662*
7663      FFNET        TO756JP
7664      HARENET      TI50876JP
7665      OKIX         SM420JP
7666      OKIX-1       AT4891JP
7667      KDDLAB       TK567JP
7668      HTCN         JP00058388
7669      DTC          HM011JP
7670      CTNET        JP00076967
7671      MCNET        JP00000397
7672      FITWEB       MI1348JP
7673      ALLES        HN6137JP
7674      GOFORS       II073JP
7675*
7676      TAM          AA029JP
7677      DNP          MK63181JP
7678      PROX         TN6639JP
7679      QTNET        JP00028647
7680*
7681*
7682      HOTNET       JP00000243
7683      TRUNK-AS     TK64397JP
7684      SAKURA-A     KT749JP
7685*
7686      ATNETHOME    JI3297JP
7687      D-CRUISENET   JP00030609
7688      MISH         HK042JP
7689*
7690      MIRAI        MI114JP
7691*
9349*
9350*
9351      ZLAN         TN1329JP
9352      KUMAGAYA     YA4196JP
9353      MEDIAWARS    IM030JP
9354      TDNC         JP00006238
9355      NICT         JP00024933
9356*
9357      FNC          YN27980JP
9358      Finder       JP00133475
9359*
9360*
9361*
9362*
9363      NET-TECH     OT2829JP
9364*
9365      iTSCOM       NK4800JP
9366      SOLITON      FT582JP
9367      TITECH       JP00095425
9368*
9369*
9370      SAKURA-B     KT749JP
9371      SAKURA-C     KT749JP
9372*
9373*
9374      EDION        KM057JP
9375*
9376      SAKURANET    JS038JP
9377*
9378      CABLENET     YO17025JP
9379*
9380      CNCI-AS      JP00006238
9591      NIFS         TY841JP
9592      PRISM        SM1527JP
9593      NIKKEI       JP00080979
9594*
9595      XEPHION      AH4001JP
9596*
9597      CPI-NET      YM12747JP
9598      MPLS-OCN     AY1361JP
9599      INFOPEPPER   HN6137JP
9600      SONYTELECOM   JP00094071
9601      SHIBATA      SH060JP
9602*
9603*
9604      FSI-AS       JP00106441
9605      docomo       JP00042969
9606      ISAS-AS      KF4804JP
9607      BBTower      JP00020513
9608*
9609      EACCESS      JP00047259
9610*
9611*
9612*
9613*
9614      OCT          TK4040JP
9615      TEES         DO153JP
9616      MuX          KH10603JP
9617      ZAQ          JP00124485
9618      TCN          TN3070JP
9619      SSD          JP00012496
9620*
9621      II-OKINAWA   MY1650JP
9622      KCT          JP00027229
9990      NIandC       TK2990JP
9991      SHUDO-U      JP00006247
9992*
9993      CTC-ODC      JP00019881
9994*
9995*
9996      KDDIIP-VPN   TO12174JP
9997      MECHA        KH13262JP
9998      ISAO         AG137JP
9999      ATTOKYO      JP00010132
10000     NCM          JY329JP
10001     MICSNET      JP00041980
10002     ICT          TY8544JP
10003     OCT-NET      FY066JP
10004     AS-PHOENIX-J   HH088JP
10005*
10006     SECOMTRUST   RO589JP
10007     IPR          JP00035900
10008*
10009*
10010     TOKAI        JP00078353
10011     ADVAN        TN496JP
10012     FUSION       DU042JP
10013     FBDC         JP00000154
10014     NIHON-U      YN9595JP
10015     CWJ-NET      YK7630JP
10016     MINC         RT2171JP
10017*
10018*
10019     MCTV         TS11647JP
10020*
10021     KVH          KS20321JP
17503*
17504     NETCOM       JP00069612
17505     SBmobile     SI19878JP
17506     UCOM         JP00179911
17507*
17508*
17509     STARNET      JP00021851
17510     ISID         KI8022JP
17511     OPTAGE       JP00014196
17512     JAL          KS17812JP
17513     Kids-Net     TT10245JP
17514     AICS         JP00038278
17515*
17516     NTTCOMWARE   TK86557JP
17517*
17518     SHIOJIRI     MO4028JP
17519*
17520*
17521     KUT          AM2603JP
17522     NTT-WEST     JP00001017
17523     AOYAMA       JP00099237
17524     DSN          JP00014196
17525*
17526*
17527     MEDIAS       TI392JP
17528*
17529     MediaCat     JP00169736
17530     NNS          WK099JP
17531*
17532     T-KOUGEI     KT11537JP
17533*
17534     NSK          KM1347JP
17661     NHN-JAPAN    JP00154770
17673     MKInet       JP00015980
17674*
17675     AS-PNAPTOK   KM9736JP
17676     GIGAINFRA    ST6930JP
17677     MIINET       JP00179911
17678     WIND         HS3284JP
17679*
17680     SCS          KY10234JP
17681*
17682     CABLENET296   JP00105461
17683     WINTECH-COM   HO174JP
17684*
17685     PLAYONLINE   MT10731JP
17686     ACCELIA      TT11297JP
17687     NICE         JP00052661
17688*
17689     H-IX         MT11159JP
17690*
17691     TikiTiki     TH2192JP
17692     KCCS         TT16693JP
17693     NEKONET      YK16828JP
17694     JPN-DBJP     JA828JP
17695     MLJS         AW272JP
17696     KOK-NETWORK   MY1650JP
17697     BBX          MH9282JP
17698     CCNET-NET    JP00006238
17699     MEDiA        JP00179911
17700*
17701     SEINAN       YT4541JP
17702*
17703*
17704*
17751*
17930*
17931     NETFOREST    YT163JP
17932     JAIST        JP00179625
17933     NTT-EAST     ST4494JP
17934     JGNv6        HA3341JP
17935*
17936     CTK          JP00013171
17937     NDMC         MK19657JP
17938     ASSOCIO      SK6170JP
17939     MCN-NET01    MI2163JP
17940     CYBERLINKS   IM016JP
17941     BIT-ISLE     JP00083166
17942*
17943     TDU          RS1611JP
17944     JWA          JP00165291
17945     iTV          MK15477JP
17946     GUCC         JP00102263
17947     S-UTOPIA     JP00029199
17948     EditNet      TN127JP
17949     TEU          SO15428JP
17950     SaiNet-AS    TI129JP
17951*
17952*
17953     ICO          SH3914JP
17954*
17955     AVISNET      JP00006149
17956     WASEDA       JP00021010
17957     CTS          YM7875JP
17958     KCV          SK2330JP
17959*
17960     RAINS-AS     TS44814JP
17961     MITENE       SY3661JP
18067     HUMEIA       NN205JP
18068     ACROSS       YH142JP
18069     SOFTBANK     JP00064634
18070     NDAC         JP00028011
18071     MEI1         EY789JP
18072     STREAMWING   AO017JP
18073*
18074     FRT          SA2150JP
18075     HICAT        JM11982JP
18076     WCE-IAMAS    AI052JP
18077     C-able       MK2309JP
18078*
18079*
18080     SOPIA        ST148JP
18081     KCN          NM3525JP
18082     LASDEC       JP00039355
18083*
18084*
18085     INFOVALLEY   YW1759JP
18086     PFU-IDC      HO099JP
18087     TOYO         MT1711JP
18088     QIC          JP00040614
18089     HIKARI-NWC   TK16198JP
18090     MAGMA        KT071JP
18091     TEIKYO-U     HT069JP
18092     CSF          NS1881JP
18093*
18094     TCN-AS       SI608JP
18095     REITAKU      HO007JP
18096*
18097     DCN          SK755JP
18098*
18121     INCL         YK2373JP
18122     KYOTO-IX     JP00006793
18123     SEIRYO       SI28198JP
18124     OUS-NET      JP00064984
18125     MAFFIN       KO10495JP
18126     CTCX         JP00006514
18127     Ibaraki      YH35531JP
18128     RIKEN        RH428JP
18129     ONI          SO4696JP
18130*
18131     IR3          AK31982JP
18132*
18133*
18134     KITANET      JP00124485
18135     BTV          TE7166JP
18136     CTA          JP00124485
18137*
18138     SAKURA-G     KT749JP
18139     HISOL-CSV    SS23064JP
18140     YAHOO-18140   JP00032461
18141     HBA-iDC      HI4267JP
18142     BIWALOBE     JP00062980
18143     DCSNET       DS12206JP
18144     AS-ENECOM    JP00076967
18145*
18146     InetCore     IN011JP
18147*
18148     FUKUOKA-U    SF1767JP
18149     JPRS         TM8767JP
18150     SNI-JP       JP00006318
18151     CEC          MI5038JP
18152*
18259     HIGE         TY5672JP
18260     e-catv       YS3054JP
18261*
18262*
18263     MEINET       JP00014875
18264     SEN          MS3593JP
18265     TWIN         MH265JP
18266     ATNAP        JP00127315
18267     DOSHISHA     NN48346JP
18268     JANIS        CS004JP
18269     KAI          KM4803JP
18270     TOIN         TM26877JP
18271     EVOnet       MN394JP
18272     BSH-NET      MH10774JP
18273*
18274     UCATV        YD203JP
18275*
18276     KAISER       YN001JP
18277     KUSA         JP00137741
18278     CC9N         YM2114JP
18279     BUKKYO-U     RJ023JP
18280*
18281     TAC-NET      YF743JP
18282     CORALNET     JP00056392
18283     CCV          MO4537JP
18284*
18285*
18286*
18287*
18288*
18289     AGNS-JP-IBM   AM7985JP
18290     IWAMI        HY343JP
23612*
23613     NMTNET       SM9158JP
23614     I-KOCHI      HM135JP
23615     KUSANAGI     TE1125JP
23616     HNB          NH066JP
23617*
23618     ICV-NET      KT3107JP
23619     E-OSAKA      JS038JP
23620     DMM          JP00168855
23621*
23622     TSURU-GAKUEN   HO29486JP
23623     CHUO-U       HH17619JP
23624     CHUKAI       TT1436JP
23625     TOKAI-WBS    JP00078353
23626*
23627     UCVNET       RN029JP
23628     ACCSnet      TH6493JP
23629     OCTV         YT1202JP
23630     CAC-NET      SI8452JP
23631     KISNET       AT388JP
23632     TVT-NET      JS1352JP
23633     LOCAL-IX     SH1776JP
23634     E-DNS-JP     JM002JP
23635     CRCC         HT6626JP
23636*
23637     BI-CDN-IX    JP00083166
23638     AMIXCOM      KM12928JP
23639     ntt-bizlink   HS7766JP
23640     BBIX         MF2453JP
23641     NSCS-NET     HA2729JP
23642     OBIS         YM268JP
23643*
23773     EKZM         YK841JP
23774     A-DNS-JP     TM8767JP
23775     Tamatele-NET   YS1900JP
23776     NEC          YS48716JP
23777     VIPALETTE    AK27282JP
23778     CANET        KH1228JP
23779     N-BONE       JP00078200
23780     CTB          TN1078JP
23781     Toyama-AN-AS   NN1617JP
23782*
23783     CNA          HU1448JP
23784     POLEXCHENGE   MT10731JP
23785     SUNFIELD     FI042JP
23786     MABLE        MW1325JP
23787*
23788     HICT         YO17025JP
23789*
23790     KCN-TV       JP00124485
23791     LCV          KT27357JP
23792*
23793     AIST         YS8631JP
23794     BMCDN        JP00015676
23795     FURUKAWA     MU1317JP
23796     GEMnet       HT36770JP
23797     IXO          AF674JP
23798     VRTC-NET     KN10471JP
23799     NDA          KS23503JP
23800*
23801*
23802*
23803     HGC          SM5629JP
23804     AIN-NET      TK518JP
23805     WATVnet      JP00014392
23806     HBS          JM11982JP
23807     RITSUMEI     NS16432JP
23808     TOSHIMA-NET   HU1509JP
23809     TV-NARUTO    HA1205JP
23810     IC-NET       OM011JP
23811*
23812*
23813     SORUN        JO359JP
23814     T-LEX        JM002JP
23815     JPIX-RS      DN010JP
23816     YAHOO        JP00032461
23817     KOCHI-IDC    SM3688JP
23818     JETINTERNET   TS7895JP
23819*
23820     RAKUTEN      JP00179607
23821*
23822     HAGINET      JP00184634
23823*
23824     FUTURE       KA8810JP
23825*
23826     DAIDO-IT     NH2024JP
23827     ANC-Net      HM3864JP
23828     CHERRY-NET   KK13688JP
23829     meon-yama    TS11200JP
23830     GAITAME      KM10509JP
23831     CLOVERNET    TK13699JP
23832*
23833     MARUSAN-NET   YO946JP
23834*
23835*
23836     RELNET       TT6109JP
24229     KOCHI-IX     JP00156961
24248     ASN-WADAI-U   FH2343JP
24249     JWAY         TK26895JP
24250     MC-IDC       TT10460JP
24251     ICNTV-NET    MY4509JP
24252     JPRS-NAYUTA   TM8767JP
24253     J-Stream     SM3560JP
24254     KYOTO-SU     KO110JP
24255     T-CATV       YI6083JP
24256     SOFTBANKBB   TM36796JP
24257     JPIX-64ES    JP00001358
24258*
24259     BC9          AK1808JP
24260     KINJO-AS     HK18089JP
24261     mie-u        KT57518JP
24262     HIcom        TM14125JP
24263     HONDA-NET    RO12181JP
24264     KANAZAWA-IT   YK19223JP
24265     Agilit       JP00023112
24266*
24267*
24268     SAINS        TH9930JP
24269*
24270     CRC-KCC      NH1808JP
24271     iCTV         KN7197JP
24272*
24273     CANON        NT3234JP
24274*
24275     TOTO         HN6225JP
24276     ICNET        JP00124485
24277     NIRAI        JP00159471
24278     USEN-NET     JP00031240
24279     CAT-V        KT16147JP
24280     HIS-TKIDC    JP00109578
24281*
24282     KIR          JP00094535
24283     MIEDEN-NET   NU1246JP
24284     CYBERAGENT   JP00011363
24285*
24286     WNI-AS       MI6909JP
24287     TEIN2-JP     JP00006158
24288     ACCUTECHS    JP00012791
24289     KBN          HM1716JP
24290     HEARTNET     NI183JP
24291     MITSUI-NW    JP00094796
24292*
24293*
24294*
24295     AS-PNAPOSK   KM9736JP
24296     YAHOO-2      JP00032461
24297     FCN          JP00180297
37888     HORIBA-NET   YS053JP
37889     JPARC-NET    YK13710JP
37890*
37891     JTIS         RO1261JP
37892     WAI-NET      JP00015522
37893     TRADEWEB-TKO   DZ024JP
37894*
37895     RYUKOKU      TS11020JP
37896*
37897     ANW-NET-AS   SU14657JP
37898     BARTOK-NET   AS4601JP
37899     NTTW-NGN-AS   JP00001017
37900     CPF-NET      JP00036952
37901     NTTE-NGN-AS   TK19620JP
37902     NOMURA-TRADE   TS21170JP
37903     eMobile      JP00047259
37904     SBmobileopen   ST7630JP
37905     BRASTEL-NET   MH32292JP
37906     NETIRD-2     JP00025313
37907     DIGIROCK     KH9600JP
37908     KBC          KN10191JP
37909     WAKHOK-NET   AH11364JP
37910     CUNET        MI6730JP
37911*
37912     IPRIO-JP     JP00025780
37913*
37914     Univnet      JP00006793
37915     Ke-net       KY9929JP
37916     atworks      JP00142993
37917     UTINS        KI7984JP
37918     ECL-INET     JP00084323
37919     SEGA         TK63997JP
37920*
37921*
37922     CATVY        KO3718JP
37923     FIC          JP00175798
37924     KKR-MLIT-AS   JP00031203
37925     USEN-WEST    JP00031240
37926*
37927     NOMURATRADE   TS21170JP
38627     BAIDUJP      RS2845JP
38628     WINK-NET     SN2184JP
38629     OKN          KK19488JP
38630*
38631     LINE         JP00034420
38632     XCON         JP00031535
38633     VCIU-NET-AS   JP00026123
38634     DWANGO       JP00031016
38635     KEIO-NET     JP00034742
38636     DENA-NET     YS5455JP
38637*
38638     IP-CORE      AT5054JP
38639     HANABI       TY6070JP
38640     SAKURA-E     KT749JP
38641     LEONET-AS    HO038JP
38642     YOSHIZOU     JP00040006
38643     U-Cloud      JP00082033
38644     KANDANET     JP00001394
38645     NTTCOM-GRX   JP00042109
38646*
38647*
38648     F-REGI       KS6969JP
38649*
38650*
38651     Mixi         JP00044721
38652     GINZADO-NET   KI573JP
38653     JAPANPOST    KU19046JP
38654     INES-NETWORK   HN256JP
38655     SaiNet-AS2   TI129JP
38656*
45672     KGC-NET      YS47356JP
45673     OECU-NET     SK9440JP
45674     MIDORI       JP00020891
45675     KMN-TOKYO    JP00124485
45676     SBIT         YT20899JP
45677     ICV          JP00049834
45678     AAC-JP-AS    JP00075191
45679     TOMOCHA-NET   TT15853JP
45680     DOVA-NET     HS6144JP
45681*
45682     ASN-EXCITE   ST9934JP
45683*
45684     MIRAINET     KK31864JP
45685     RIKKYO-U     TM030JP
45686     RFEED        JP00001394
45687     MCT-Internet   KK10142JP
45688     UT-NSRG      AN8396JP
45689     CONVIVIALNET   JP00053532
45690     JCTV-NET     JP00053621
45691     ELLIOTT-ASIA   YT47108JP
55372     OIX          YO789JP
55373     TRI-KOBE-NET   IY2651JP
55374*
55375     SI-NET       YT5603JP
55376     KCV-HitaNet   YN4376JP
55377     Sadaitec     MS16579JP
55378     QUICK-YCCNET   JP00056285
55379     hosei-net    JP00056472
55380     KAINS        JP00075905
55381     CCSNET       YM20874JP
55382     HOT-CHA      JP00058673
55383     IDC-JP       BH404JP
55384     JAIST-EXP    JP00179625
55385     DA           MF4211JP
55386*
55387     RMGR-MIX     SN3309JP
55388     ASJ          YN4766JP
55389     JPNE         JP00065702
55390     TUSNET       HF1545JP
55391     MF-NATIVE6-E   JP00001394
55392     MF-NATIVE6-W   JP00001394
55393     MIDOKURA     RT14989JP
55394     GREE-NET     JP00063851
55395*
55396     FNCLAB       YN27980JP
55457*
55888*
55889     BITISLE-WEST   JP00083166
55890     SUNTORY      SO8536JP
55891     WBTSJP-AS    JP00069327
55892*
55893     HOKEN-NET    TS21231JP
55894     WHOSNEXT     JP00075914
55895     echigo-IX    JP00025743
55896     VIDEX        JP00071423
55897     SAKURA-F     KT749JP
55898     YAHOO-CORP   JP00032461
55899     SIG          JP00143471
55900     GLBB-JP      GJ194JP
55901     SCEI-NET     JP00075290
55902     TS-NET       HK21330JP
55903     arrownet     JP00076831
55904     KOGAKUIN-AS   JP00056122
55905     COMZNET2     JP00149279
55906     USTREAMASIA   JP00078907
55907     GMO-DNS      JP00014973
55908     NOMURA-NET   TS21170JP
55909     kochi-ct     JP00163518
55910     SITNET-AS    TW2048JP
55911*
55912     u-kochi      SY13468JP
58645     marinet      TS31660JP
58646     FBDC-B       JP00000154
58647     KAGAWAU-AS   KS31358JP
58648     AT-I-NET     HY14162JP
58649     GMO-REG-NET   JP00014973
58650     CATVWINK     HT34570JP
58651     GMO-REGSEC   JP00014973
58652     Kochi-U-NET   KS36400JP
58653     VolvoITJapan   JP00089160
58654     bless        HC3279JP
58784     RIS          MH045JP
58785     TGU-NET      JP00093529
58786     GMOKOR-NET   JP00014973
58787*
58788     CHIRORO      KA668JP
58789     DUNAMIS      IS7228JP
58790*
58791     GMOOSK-NET   JP00014973
58792     WI-GATE      JP00185506
58793     NIFCLOUD-NET   TS37141JP
59091     KAIT-NWLAB   MM22589JP
59092     KRONOS       JP00101032
59093     ICKNET       DO3267JP
59094     S2-NET       JP00102601
59095     ACCELIA-W    TT11297JP
59096     MAIN         MH6642JP
59097     OCH-NET      JP00103064
59098*
59099     CLOUD-SDN-AS   JP00105185
59100     kochi-gc     TM30793JP
59101     mirai-bs     JP1179JP
59102     GENES        YT24375JP
59103     SOFTETHER    DN4818JP
59104     SOKAU-AS     TH22909JP
59105     HOMENOC      KY24290JP
59106     SKYLINKS     JP00109961
59107     HTV-NET      JP00110292
59108     KATCH-NET    JP00020836
59109     HITCLOUD     JP00114809
59110     BPS          TC5902JP
59111     AIU-NET      JP00115314
59112     PLUSONE      AE3327JP
59113     RJV6-NET     JP00036809
59114     RECRUIT      JP00118183
59115     CYBERDYNE    FI4629JP
59116     AIGKK        NC1845JP
59117     RBNET        DO4680JP
59118     FNC-O2       YN27980JP
59119     HIT-NET      JP00128869
59120     TINS-NET     SM29200JP
59121     AKNWS-NET    YT32948JP
59122     R-SYS        JP00130132
59123     KAKAKUCOM    MO27662JP
59124     KYOTO-PREF   NS22992JP
59125     CYBERHOME    AN1734JP
59126     NCT          JP00137939
59127     NCV          JP00137671
59128     KMC          JP00138462
59129     LOGICLINKS   JP00145841
59130     MHDD-NET     JP00146849
63770     ICSCOE-AS    JP00179394
63771     BGPNAP       JP00149869
63772     EXTRIDE-NET   KM49191JP
63773     DUAL-NET     JP00150055
63774     KAMOIKE-NET   JP00161031
63775     YCTNET       KH41167JP
63776     MERCARI-JP   JP00167428
63777     STARCLUSTER   JW6891JP
63778     BGPNAP2      KK56621JP
63779     JUSTPLAYER   JP00177522
63780     BIRDIE-NET   JP00150055
63781     KFNET-AS     JP00182424
63782     maotv        JP00165183
63783     CUC          JP00189327
131077*
131078    KDDLAB-4OCT   YS5594JP
131079    KANDANET4    JP00001394
131080    SAKURA-D     KT749JP
131081    InetCore4    IN011JP
131082    JPIX-4       TI5215JP
131083*
131084    MKInet-JP    JP00015980
131085    NCOM-IPv6NET   SH060JP
131086    AVISNET-4    JP00006149
131152    BBIX-NET     KO10623JP
131153    KVH-ISP      KS20321JP
131154    SHOWNET-4AS   JP00057685
131155    HANABI4      TY6070JP
131156*
131157    MAGMA-IPV6   KT071JP
131158    NAIST-AS     JP00065622
131159    AS-YAMAGATAU   HY6776JP
131160    WI2          SA5114JP
131161*
131893    RICOH-NET    TW136957JP
131894    U-Cloud-2    JP00082033
131895    OIST-NET     JP00177504
131896    SSI-Lab      JP00104212
131897    EHIME-U      MM9738JP
131898    YAHOO-3      JP00032461
131899    DIG-NET      JP00109602
131900    DIRECTORZ    KK19885JP
131901    fidessa-kk   TK44097JP
131902*
131903    NRI-IVPN     JP00119190
131904*
131905    JPRS-GTLD    TM8767JP
131906    GAPINC-NET   HM28853JP
131907    IWAMI-NET    NJ1262JP
131908    Intec-DCAN   TF17368JP
131909    Okinawa-DC   YA26121JP
131910    SORACOM      KI31965JP
131911    HCTV-NET     SH12783JP
131912    CYBOZU       JP00137545
131913    NIIGATA-SC   MS44053JP
131914    DD-NET       JP00142296
131915    WINDE        HF17291JP
131916    BAYNET       JP00146526
131917    TOSHIBA-IS   AM19444JP
131918    SCN-NET      JP00147597
131919    MEIJI-NET    JP00148502
131920    WI-GATE2     JP00185506
131921    GMOCL        JP00137877
131922*
131923    MCAT         JP00148370
131924    KAP-NET      RI11970JP
131925    CYBERHOME-2   AN1734JP
131926    CTS-NET      KI36065JP
131927    TVM          JP00156710
131928    IPP-NET      HM35673JP
131929    FRUITSNET    JP00158779
131930    TBS-NET      JP00159991
131931    ACTV-NET     KS38640JP
131932    JEIS-NET     JP00057694
131933    TTV-NET      JP00161980
131934    ICC-NET      JP00194659
131935    KAMOIKE-ORG   JP00161031
131936    UMGJP-NET    JP00165497
131937    JCV          JP00164408
131938    NISSAN-NET   MI7919JP
131939    IPSISM-NET   JP00164936
131940    BETANET      AK28102JP
131941    ENTSU-NET    GS5938JP
131942    GURUNAVI-NET   JP00166144
131943    goto-tv      JP00170648
131944    KADOKAWA-NET   JP00174413
131945    SNTU-NET     JP00175831
131946    MU-NET       MM43746JP
131947    NOS-SERVICE   JP00116545
131948    FORNEXT      SS44196JP
131949    ASO-NET      JP00176605
131950    ENJOYVC      JP00179311
131951    SSC          JP00165611
131952    POTATO-NET   YS57356JP
131953    YUTOPIA-NET   JP00181721
131954    LCNet        JP00041649
131955    KCNET        JP00179044
131956    SNOW-VPN     JP00182246
131957    MicroAd      JP00180644
131958    t-net        JP00182774
131959    YOUTV        JP00185444
131960    MBO-NET      TO46524JP
131961    DOKKYO-AS    NK2493JP
131962    Phoenix      JP00174413
131963    MCDR         KM58111JP
131964    CYBERHOME-3   AN1734JP
131965    XSERVER      JP00193983
131966    INET-NET     JP00178234
131967    MHBK-CLH-TY   EK16434JP
131968    MHBK-CLH-OS   EK16434JP
---------------------------------------------------------------------------

----
end time: 2020-06-22 00:55:45(UTC)
1 chunks with matched keywords or errors
----
execute_reply_status: ok
