{"lc_cell_meme": {"current": "dd6aefe8-4193-11ea-86a9-02420a01000c"}}
----
from sklearn.preprocessing import StandardScaler

# RandomStateオブジェクトを作成
sample = np.random.RandomState(1)

#２つの乱数を生成
X = np.dot(sample.rand(2, 2), sample.randn(2, 200)).T

# 標準化
sc = StandardScaler()
X_std = sc.fit_transform(X)

# 相関係数の算出とグラフ化
print('相関係数{:.3f}:'.format(sp.stats.pearsonr(X_std[:, 0], X_std[:, 1])[0]))
plt.scatter(X_std[:, 0], X_std[:, 1])
----
path: /home/yoko69d621/tokyo-u-data-science/ds_samplefiles/.log/20200128/20200128-060345-0479.log
notebook_path: tokyo-u-data-science/ds_samplefiles/Chapter9.ipynb
lc_notebook_meme: dd6ab82a-4193-11ea-86a9-02420a01000c
server_signature: 5e786c6e-5fea-11e9-b810-02420a00005a
uid: 1005
gid: 100
start time: 2020-01-28 06:03:45(UTC)
----
相関係数0.889:

----
end time: 2020-01-28 06:03:45(UTC)
0 chunks with matched keywords or errors
----
result: /home/yoko69d621/tokyo-u-data-science/ds_samplefiles/.log/20200128/20200128-060345-0479-0.pkl
result: /home/yoko69d621/tokyo-u-data-science/ds_samplefiles/.log/20200128/20200128-060345-0479-1.pkl
execute_reply_status: ok
