{"lc_cell_meme": {"current": "dd6b07c6-4193-11ea-86a9-02420a01000c"}}
----
# 悪性をプロット
ax = pca_malignant.plot.scatter(x='pc1', y='pc2', color='red', label='malignant');

# 良性をプロット
pca_benign.plot.scatter(x='pc1', y='pc2', color='blue', label='benign', ax=ax);
----
path: /home/yoko69d621/tokyo-u-data-science/ds_samplefiles/.log/20200128/20200128-060437-0838.log
notebook_path: tokyo-u-data-science/ds_samplefiles/Chapter9.ipynb
lc_notebook_meme: dd6ab82a-4193-11ea-86a9-02420a01000c
server_signature: 5e786c6e-5fea-11e9-b810-02420a00005a
uid: 1005
gid: 100
start time: 2020-01-28 06:04:37(UTC)
----

----
end time: 2020-01-28 06:04:38(UTC)
0 chunks with matched keywords or errors
----
result: /home/yoko69d621/tokyo-u-data-science/ds_samplefiles/.log/20200128/20200128-060437-0838-0.pkl
execute_reply_status: ok
