# 標準化のためのクラスをインポート
from sklearn.preprocessing import StandardScaler
from sklearn.model_selection import train_test_split

# Xとyを設定
X = adult[['age','fnlwgt','education-num','capital-gain','capital-loss']]
y = adult['fin_flg']

# 訓練データとテストデータに分ける
X_train, X_test, y_train, y_test = train_test_split(X, y, test_size=0.5, random_state=0)

# 標準化処理
sc = StandardScaler()
sc.fit(X_train)
X_train_std = sc.transform(X_train)
X_test_std = sc.transform(X_test)

# ロジスティック回帰クラスの初期化と学習
model = LogisticRegression()
model.fit(X_train_std,y_train)

# 正解率の表示
print('正解率(train):{:.3f}'.format(model.score(X_train_std, y_train)))
print('正解率(test):{:.3f}'.format(model.score(X_test_std, y_test)))
----
path: /home/yoko69d621/tokyo-u-data-science/ds_samplefiles/.log/20200128/20200128-061034-0055.log
notebook_path: tokyo-u-data-science/ds_samplefiles/Chapter8.ipynb
server_signature: 5e786c6e-5fea-11e9-b810-02420a00005a
uid: 1005
gid: 100
start time: 2020-01-28 06:10:34(UTC)
----
正解率(train):0.811
正解率(test):0.810
/opt/conda/lib/python3.7/site-packages/sklearn/linear_model/logistic.py:432: FutureWarning: Default solver will be changed to 'lbfgs' in 0.22. Specify a solver to silence this warning.
  FutureWarning)

----
end time: 2020-01-28 06:10:34(UTC)
2 chunks with matched keywords or errors
----
execute_reply_status: ok
