# インポート
import requests, zipfile
import io

# 自動車価格データを取得
url = 'http://archive.ics.uci.edu/ml/machine-learning-databases/autos/imports-85.data'
res = requests.get(url).content

# 取得したデータをDataFrameオブジェクトとして読み込み
auto = pd.read_csv(io.StringIO(res.decode('utf-8')), header=None)

# データの列にラベルを設定
auto.columns =['symboling','normalized-losses','make','fuel-type' ,'aspiration','num-of-doors',
                            'body-style','drive-wheels','engine-location','wheel-base','length','width','height',
                            'curb-weight','engine-type','num-of-cylinders','engine-size','fuel-system','bore',
                            'stroke','compression-ratio','horsepower','peak-rpm','city-mpg','highway-mpg','price']
----
path: /home/yoko69d621/tokyo-u-data-science/ds_samplefiles/.log/20200128/20200128-061003-0238.log
notebook_path: tokyo-u-data-science/ds_samplefiles/Chapter8.ipynb
server_signature: 5e786c6e-5fea-11e9-b810-02420a00005a
uid: 1005
gid: 100
start time: 2020-01-28 06:10:03(UTC)
----

----
end time: 2020-01-28 06:10:03(UTC)
0 chunks with matched keywords or errors
----
execute_reply_status: ok
