{"lc_cell_meme": {"current": "dd6b0654-4193-11ea-86a9-02420a01000c"}}
----
# 列にラベルをつける、1つ目が第1主成分、2つ目が第2主成分
X_pca = pd.DataFrame(X_pca, columns=['pc1','pc2'])

# 上のデータに、目的変数（cancer.target）を紐づける、横に結合
X_pca = pd.concat([X_pca, pd.DataFrame(cancer.target, columns=['target'])], axis=1)

# 悪性、良性を分ける
pca_malignant = X_pca[X_pca['target']==0]
pca_benign = X_pca[X_pca['target']==1]
----
path: /home/yoko69d621/tokyo-u-data-science/ds_samplefiles/.log/20200128/20200128-060435-0197.log
notebook_path: tokyo-u-data-science/ds_samplefiles/Chapter9.ipynb
lc_notebook_meme: dd6ab82a-4193-11ea-86a9-02420a01000c
server_signature: 5e786c6e-5fea-11e9-b810-02420a00005a
uid: 1005
gid: 100
start time: 2020-01-28 06:04:35(UTC)
----

----
end time: 2020-01-28 06:04:35(UTC)
0 chunks with matched keywords or errors
----
execute_reply_status: ok
