{"lc_cell_meme": {"current": "0bb55964-4195-11ea-86a9-02420a01000c"}}
----
# データの読み込み
cancer = load_breast_cancer()

# 訓練データとテストデータに分ける
X_train, X_test, y_train, y_test = train_test_split(
    cancer.data, cancer.target, stratify = cancer.target, random_state=0)

# 標準化
sc = StandardScaler()
sc.fit(X_train)
X_train_std = sc.transform(X_train)
X_test_std = sc.transform(X_test)

# クラスの初期化と学習
model = LinearSVC()
model.fit(X_train_std,y_train)

# 訓練データとテストデータのスコア
print('正解率(train):{:.3f}'.format(model.score(X_train_std, y_train)))
print('正解率(test):{:.3f}'.format(model.score(X_test_std, y_test)))
----
path: /home/yoko69d621/tokyo-u-data-science/ds_samplefiles/.log/20200128/20200128-061326-0943.log
notebook_path: tokyo-u-data-science/ds_samplefiles/Chapter8.ipynb
lc_notebook_meme: 0bb4b9dc-4195-11ea-86a9-02420a01000c
server_signature: 5e786c6e-5fea-11e9-b810-02420a00005a
uid: 1005
gid: 100
start time: 2020-01-28 06:13:26(UTC)
----
正解率(train):0.993
正解率(test):0.951

----
end time: 2020-01-28 06:13:27(UTC)
0 chunks with matched keywords or errors
----
execute_reply_status: ok
