bank_sub.info()
----
path: /home/yoko69d621/tokyo-u-data-science/ds_samplefiles/.log/20200128/20200128-060203-0783.log
notebook_path: tokyo-u-data-science/ds_samplefiles/Chapter9.ipynb
server_signature: 5e786c6e-5fea-11e9-b810-02420a00005a
uid: 1005
gid: 100
start time: 2020-01-28 06:02:03(UTC)
----
<class 'pandas.core.frame.DataFrame'>
RangeIndex: 45211 entries, 0 to 45210
Data columns (total 4 columns):
age         45211 non-null int64
balance     45211 non-null int64
campaign    45211 non-null int64
previous    45211 non-null int64
dtypes: int64(4)
memory usage: 1.4 MB

----
end time: 2020-01-28 06:02:03(UTC)
0 chunks with matched keywords or errors
----
execute_reply_status: ok
