auto = auto.assign(price=pd.to_numeric(auto.price))
auto = auto.assign(horsepower=pd.to_numeric(auto.horsepower))
print('データ型の確認（型変換後）\n{}'.format(auto.dtypes))
----
path: /home/yoko69d621/tokyo-u-data-science/ds_samplefiles/.log/20200128/20200128-061031-0613.log
notebook_path: tokyo-u-data-science/ds_samplefiles/Chapter8.ipynb
server_signature: 5e786c6e-5fea-11e9-b810-02420a00005a
uid: 1005
gid: 100
start time: 2020-01-28 06:10:31(UTC)
----
データ型の確認（型変換後）
price           int64
horsepower      int64
width         float64
height        float64
dtype: object

----
end time: 2020-01-28 06:10:31(UTC)
0 chunks with matched keywords or errors
----
execute_reply_status: ok
