# 参考プログラム
# pydotplusやgraphvizをインストールする必要があります
from sklearn import tree
import pydotplus
from sklearn.externals.six import StringIO
from IPython.display import Image

dot_data = StringIO()
tree.export_graphviz(model, out_file=dot_data)
graph = pydotplus.graph_from_dot_data(dot_data.getvalue())
Image(graph.create_png())  
----
path: /home/yoko69d621/tokyo-u-data-science/ds_samplefiles/.log/20200128/20200128-061118-0090.log
notebook_path: tokyo-u-data-science/ds_samplefiles/Chapter8.ipynb
server_signature: 5e786c6e-5fea-11e9-b810-02420a00005a
uid: 1005
gid: 100
start time: 2020-01-28 06:11:18(UTC)
----
/opt/conda/lib/python3.7/site-packages/sklearn/externals/six.py:31: DeprecationWarning: The module is deprecated in version 0.21 and will be removed in version 0.23 since we've dropped support for Python 2.7. Please rely on the official version of six (https://pypi.org/project/six/).
  "(https://pypi.org/project/six/).", DeprecationWarning)

----
end time: 2020-01-28 06:11:18(UTC)
2 chunks with matched keywords or errors
----
result: /home/yoko69d621/tokyo-u-data-science/ds_samplefiles/.log/20200128/20200128-061118-0090-0.pkl
execute_reply_status: error
