{"lc_cell_meme": {"current": "dd6af998-4193-11ea-86a9-02420a01000c"}}
----
# パラメータ設定
arrowprops=dict(arrowstyle='->',
                linewidth=2,
                shrinkA=0, shrinkB=0)

# 矢印を描くための関数
def draw_vector(v0, v1):
    plt.gca().annotate('', v1, v0, arrowprops=arrowprops)

# 元のデータをプロット
plt.scatter(X_std[:, 0], X_std[:, 1], alpha=0.2)

# 主成分分析の2軸を矢印で表示する
for length, vector in zip(pca.explained_variance_, pca.components_):
    v = vector * 3 * np.sqrt(length)
    draw_vector(pca.mean_, pca.mean_ + v)

plt.axis('equal');
----
path: /home/yoko69d621/tokyo-u-data-science/ds_samplefiles/.log/20200128/20200128-060405-0047.log
notebook_path: tokyo-u-data-science/ds_samplefiles/Chapter9.ipynb
lc_notebook_meme: dd6ab82a-4193-11ea-86a9-02420a01000c
server_signature: 5e786c6e-5fea-11e9-b810-02420a00005a
uid: 1005
gid: 100
start time: 2020-01-28 06:04:05(UTC)
----

----
end time: 2020-01-28 06:04:05(UTC)
0 chunks with matched keywords or errors
----
result: /home/yoko69d621/tokyo-u-data-science/ds_samplefiles/.log/20200128/20200128-060405-0047-0.pkl
execute_reply_status: ok
