{"lc_cell_meme": {"current": "dd6b16a8-4193-11ea-86a9-02420a01000c"}}
----
# trans_ab の、両商品を含むバスケットの数を表示
print('両商品を含むバスケットの数:{}'.format(len(trans_ab)))
print('両商品を含むバスケットの全体に占める割合:{:.3f}'.format(len(trans_ab)/len(trans_all)))
----
path: /home/yoko69d621/tokyo-u-data-science/ds_samplefiles/.log/20200128/20200128-060847-0052.log
notebook_path: tokyo-u-data-science/ds_samplefiles/Chapter9.ipynb
lc_notebook_meme: dd6ab82a-4193-11ea-86a9-02420a01000c
server_signature: 5e786c6e-5fea-11e9-b810-02420a00005a
uid: 1005
gid: 100
start time: 2020-01-28 06:08:47(UTC)
----
両商品を含むバスケットの数:252
両商品を含むバスケットの全体に占める割合:0.014

----
end time: 2020-01-28 06:08:47(UTC)
0 chunks with matched keywords or errors
----
execute_reply_status: ok
