# データ加工・処理・分析ライブラリ
import numpy as np
import numpy.random as random
import scipy as sp
from pandas import Series, DataFrame
import pandas as pd

# 可視化ライブラリ
import matplotlib.pyplot as plt
import matplotlib as mpl
import seaborn as sns
%matplotlib inline

# 機械学習ライブラリ
import sklearn

# 小数第3位まで表示
%precision 3
----
path: /home/yoko69d621/tokyo-u-data-science/ds_samplefiles/.log/20200128/20200128-060954-0266.log
notebook_path: tokyo-u-data-science/ds_samplefiles/Chapter8.ipynb
server_signature: 5e786c6e-5fea-11e9-b810-02420a00005a
uid: 1005
gid: 100
start time: 2020-01-28 06:09:54(UTC)
----

----
end time: 2020-01-28 06:09:55(UTC)
0 chunks with matched keywords or errors
----
result: /home/yoko69d621/tokyo-u-data-science/ds_samplefiles/.log/20200128/20200128-060954-0266-0.pkl
execute_reply_status: ok
