{"lc_cell_meme": {"current": "dd6ae1d8-4193-11ea-86a9-02420a01000c"}}
----
# 分割のための区切りを設定
bins = [15,20,25,30,35,40,45,50,55,60,65,100]

# 上の区切りをもとに金融機関のデータを分割し、qcut_age変数に各データの年齢層を設定
qcut_age = pd.cut(bank_with_cluster.age, bins, right=False)

# クラスタ番号と年齢層を結合
df = pd.concat([bank_with_cluster.cluster_number, qcut_age], axis=1)

# クラスタ番号と年齢層を軸に集計し、年齢層を列に設定
cross_cluster_age = df.groupby(['cluster_number', 'age']).size().unstack().fillna(0)
cross_cluster_age
----
path: /home/yoko69d621/tokyo-u-data-science/ds_samplefiles/.log/20200128/20200128-060326-0253.log
notebook_path: tokyo-u-data-science/ds_samplefiles/Chapter9.ipynb
lc_notebook_meme: dd6ab82a-4193-11ea-86a9-02420a01000c
server_signature: 5e786c6e-5fea-11e9-b810-02420a00005a
uid: 1005
gid: 100
start time: 2020-01-28 06:03:26(UTC)
----

----
end time: 2020-01-28 06:03:26(UTC)
0 chunks with matched keywords or errors
----
result: /home/yoko69d621/tokyo-u-data-science/ds_samplefiles/.log/20200128/20200128-060326-0253-0.pkl
execute_reply_status: ok
