{"lc_cell_meme": {"current": "dd6b152c-4193-11ea-86a9-02420a01000c"}}
----
# すべてのInvoiceNoをtrans_allとして抽出
trans_all = set(trans.InvoiceNo) 

# 商品85123Aを購入したデータをtrans_aとする
trans_a = set(trans[trans['StockCode']=='85123A'].InvoiceNo)
print(len(trans_a))

# 商品85099Bを購入したデータをtrans_bとする
trans_b = set(trans[trans['StockCode']=='85099B'].InvoiceNo)
print(len(trans_b))

# 商品85123Aおよび85099Bを購入したデータをtrans_abとする
trans_ab = trans_a&trans_b
print(len(trans_ab))
----
path: /home/yoko69d621/tokyo-u-data-science/ds_samplefiles/.log/20200128/20200128-060844-0339.log
notebook_path: tokyo-u-data-science/ds_samplefiles/Chapter9.ipynb
lc_notebook_meme: dd6ab82a-4193-11ea-86a9-02420a01000c
server_signature: 5e786c6e-5fea-11e9-b810-02420a00005a
uid: 1005
gid: 100
start time: 2020-01-28 06:08:44(UTC)
----
1978
1600
252

----
end time: 2020-01-28 06:08:44(UTC)
0 chunks with matched keywords or errors
----
execute_reply_status: ok
