from sklearn.linear_model import LogisticRegression
from sklearn.model_selection import train_test_split

# 説明変数と目的変数の設定
X = adult[['age','fnlwgt','education-num','capital-gain','capital-loss']]
y = adult['fin_flg']

# 訓練データとテストデータに分ける
X_train, X_test, y_train, y_test = train_test_split(X, y, test_size=0.5, random_state=0)

# ロジスティック回帰クラスの初期化と学習
model = LogisticRegression()
model.fit(X_train,y_train)

print('正解率(train):{:.3f}'.format(model.score(X_train, y_train)))
print('正解率(test):{:.3f}'.format(model.score(X_test, y_test)))
----
path: /home/yoko69d621/tokyo-u-data-science/ds_samplefiles/.log/20200128/20200128-061033-0769.log
notebook_path: tokyo-u-data-science/ds_samplefiles/Chapter8.ipynb
server_signature: 5e786c6e-5fea-11e9-b810-02420a00005a
uid: 1005
gid: 100
start time: 2020-01-28 06:10:33(UTC)
----
正解率(train):0.796
正解率(test):0.797
/opt/conda/lib/python3.7/site-packages/sklearn/linear_model/logistic.py:432: FutureWarning: Default solver will be changed to 'lbfgs' in 0.22. Specify a solver to silence this warning.
  FutureWarning)

----
end time: 2020-01-28 06:10:34(UTC)
2 chunks with matched keywords or errors
----
execute_reply_status: ok
