{"lc_cell_meme": {"current": "bf327bae-4193-11ea-86a9-02420a01000c"}}
----
# range(N)とすると0からN-1までの整数
for i in range(11):
    print(i)
----
path: /home/yoko69d621/tokyo-u-data-science/ds_samplefiles/.log/20200128/20200128-061528-0142.log
notebook_path: tokyo-u-data-science/ds_samplefiles/Chapter1.ipynb
lc_notebook_meme: bf3221cc-4193-11ea-86a9-02420a01000c
server_signature: 5e786c6e-5fea-11e9-b810-02420a00005a
uid: 1005
gid: 100
start time: 2020-01-28 06:15:28(UTC)
----
0
1
2
3
4
5
6
7
8
9
10

----
end time: 2020-01-28 06:15:28(UTC)
0 chunks with matched keywords or errors
----
execute_reply_status: ok
