{"lc_cell_meme": {"current": "dd6b18e2-4193-11ea-86a9-02420a01000c"}}
----
print('商品85123Aのバスケットの数:{}'.format(len(trans_a)))
print('商品85123Aを含むバスケットの全体に占める割合:{:.3f}'.format(len(trans_a)/len(trans_all)))
----
path: /home/yoko69d621/tokyo-u-data-science/ds_samplefiles/.log/20200128/20200128-060854-0688.log
notebook_path: tokyo-u-data-science/ds_samplefiles/Chapter9.ipynb
lc_notebook_meme: dd6ab82a-4193-11ea-86a9-02420a01000c
server_signature: 5e786c6e-5fea-11e9-b810-02420a00005a
uid: 1005
gid: 100
start time: 2020-01-28 06:08:54(UTC)
----
商品85123Aのバスケットの数:1978
商品85123Aを含むバスケットの全体に占める割合:0.107

----
end time: 2020-01-28 06:08:54(UTC)
0 chunks with matched keywords or errors
----
execute_reply_status: ok
