{"lc_cell_meme": {"current": "dd6b041a-4193-11ea-86a9-02420a01000c"}}
----
# 標準化
sc = StandardScaler()
X_std = sc.fit_transform(cancer.data)

# 主成分分析
pca = PCA(n_components=2)
pca.fit(X_std)
X_pca = pca.transform(X_std)

# 表示
print('X_pca shape:{}'.format(X_pca.shape))
print('Explained variance ratio:{}'.format(pca.explained_variance_ratio_))
----
path: /home/yoko69d621/tokyo-u-data-science/ds_samplefiles/.log/20200128/20200128-060430-0495.log
notebook_path: tokyo-u-data-science/ds_samplefiles/Chapter9.ipynb
lc_notebook_meme: dd6ab82a-4193-11ea-86a9-02420a01000c
server_signature: 5e786c6e-5fea-11e9-b810-02420a00005a
uid: 1005
gid: 100
start time: 2020-01-28 06:04:30(UTC)
----
X_pca shape:(569, 2)
Explained variance ratio:[0.443 0.19 ]

----
end time: 2020-01-28 06:04:30(UTC)
0 chunks with matched keywords or errors
----
execute_reply_status: ok
