# 参考プログラム
# pydotplusやgraphvizをインストールする必要があります
from sklearn import tree
import pydotplus
from sklearn.externals.six import StringIO
from IPython.display import Image

dot_data = StringIO()
tree.export_graphviz(model, out_file=dot_data)
graph = pydotplus.graph_from_dot_data(dot_data.getvalue())
Image(graph.create_png())  
----
path: /home/yoko69d621/tokyo-u-data-science/ds_samplefiles/.log/20200128/20200128-061035-0521.log
notebook_path: tokyo-u-data-science/ds_samplefiles/Chapter8.ipynb
server_signature: 5e786c6e-5fea-11e9-b810-02420a00005a
uid: 1005
gid: 100
start time: 2020-01-28 06:10:35(UTC)
----

----
end time: 2020-01-28 06:10:35(UTC)
0 chunks with matched keywords or errors
----
result: /home/yoko69d621/tokyo-u-data-science/ds_samplefiles/.log/20200128/20200128-061035-0521-0.pkl
execute_reply_status: error
