{"lc_cell_meme": {"current": "0bb54e56-4195-11ea-86a9-02420a01000c"}}
----
# データやモデルを構築するためのライブラリ等のインポート
from sklearn.datasets import load_breast_cancer
from sklearn.neighbors import  KNeighborsClassifier
from sklearn.model_selection import train_test_split

# データセットの読み込み
cancer = load_breast_cancer()

# 訓練データとテストデータに分ける
# stratifyは層化別抽出
X_train, X_test, y_train, y_test = train_test_split(
    cancer.data, cancer.target, stratify = cancer.target, random_state=0)

# グラフ描画用のリストを用意
training_accuracy = []
test_accuracy =[]

# 学習
for n_neighbors in range(1,21):
    model = KNeighborsClassifier(n_neighbors=n_neighbors)
    model.fit(X_train,y_train)
    training_accuracy.append(model.score(X_train, y_train))
    test_accuracy.append(model.score(X_test, y_test))

# グラフを描画
plt.plot(range(1,21), training_accuracy, label='Training')
plt.plot(range(1,21), test_accuracy, label='Test')
plt.ylabel('Accuracy')
plt.xlabel('n_neighbors')
plt.legend()
----
path: /home/yoko69d621/tokyo-u-data-science/ds_samplefiles/.log/20200128/20200128-061310-0189.log
notebook_path: tokyo-u-data-science/ds_samplefiles/Chapter8.ipynb
lc_notebook_meme: 0bb4b9dc-4195-11ea-86a9-02420a01000c
server_signature: 5e786c6e-5fea-11e9-b810-02420a00005a
uid: 1005
gid: 100
start time: 2020-01-28 06:13:10(UTC)
----

----
end time: 2020-01-28 06:13:10(UTC)
0 chunks with matched keywords or errors
----
result: /home/yoko69d621/tokyo-u-data-science/ds_samplefiles/.log/20200128/20200128-061310-0189-0.pkl
result: /home/yoko69d621/tokyo-u-data-science/ds_samplefiles/.log/20200128/20200128-061310-0189-1.pkl
execute_reply_status: ok
