{"lc_cell_meme": {"current": "dd6ae048-4193-11ea-86a9-02420a01000c"}}
----
# 金融機関のデータにクラスター番号のデータを結合
bank_with_cluster = pd.concat([bank, labels], axis=1)

# 先頭の5行を表示
bank_with_cluster.head()
----
path: /home/yoko69d621/tokyo-u-data-science/ds_samplefiles/.log/20200128/20200128-060323-0002.log
notebook_path: tokyo-u-data-science/ds_samplefiles/Chapter9.ipynb
lc_notebook_meme: dd6ab82a-4193-11ea-86a9-02420a01000c
server_signature: 5e786c6e-5fea-11e9-b810-02420a00005a
uid: 1005
gid: 100
start time: 2020-01-28 06:03:23(UTC)
----

----
end time: 2020-01-28 06:03:23(UTC)
0 chunks with matched keywords or errors
----
result: /home/yoko69d621/tokyo-u-data-science/ds_samplefiles/.log/20200128/20200128-060323-0002-0.pkl
execute_reply_status: ok
