{"lc_cell_meme": {"current": "dd6ae354-4193-11ea-86a9-02420a01000c"}}
----
# 分割したデータ数をカウント
hist_age = pd.value_counts(qcut_age)
hist_age
----
path: /home/yoko69d621/tokyo-u-data-science/ds_samplefiles/.log/20200128/20200128-060329-0039.log
notebook_path: tokyo-u-data-science/ds_samplefiles/Chapter9.ipynb
lc_notebook_meme: dd6ab82a-4193-11ea-86a9-02420a01000c
server_signature: 5e786c6e-5fea-11e9-b810-02420a00005a
uid: 1005
gid: 100
start time: 2020-01-28 06:03:29(UTC)
----

----
end time: 2020-01-28 06:03:29(UTC)
0 chunks with matched keywords or errors
----
result: /home/yoko69d621/tokyo-u-data-science/ds_samplefiles/.log/20200128/20200128-060329-0039-0.pkl
execute_reply_status: ok
