{"lc_cell_meme": {"current": "dd6b0db6-4193-11ea-86a9-02420a01000c"}}
----
# InoivceNoの先頭1文字をcancel_flgとして追加
trans['cancel_flg'] = trans.InvoiceNo.map(lambda x:str(x)[0])

# cancel_flgでグルーピングして集計
trans.groupby('cancel_flg').size()
----
path: /home/yoko69d621/tokyo-u-data-science/ds_samplefiles/.log/20200128/20200128-060828-0083.log
notebook_path: tokyo-u-data-science/ds_samplefiles/Chapter9.ipynb
lc_notebook_meme: dd6ab82a-4193-11ea-86a9-02420a01000c
server_signature: 5e786c6e-5fea-11e9-b810-02420a00005a
uid: 1005
gid: 100
start time: 2020-01-28 06:08:28(UTC)
----

----
end time: 2020-01-28 06:08:28(UTC)
0 chunks with matched keywords or errors
----
result: /home/yoko69d621/tokyo-u-data-science/ds_samplefiles/.log/20200128/20200128-060828-0083-0.pkl
execute_reply_status: ok
