# webからデータを取得したり、zipファイルを扱うためのライブラリをインポート
import requests, zipfile
import io

# データがあるurl の指定
zip_file_url = 'http://archive.ics.uci.edu/ml/machine-learning-databases/00222/bank.zip'

# データを取得して展開する
r = requests.get(zip_file_url, stream=True)
z = zipfile.ZipFile(io.BytesIO(r.content))
z.extractall()
----
path: /home/yoko69d621/tokyo-u-data-science/ds_samplefiles/.log/20200128/20200128-060146-0950.log
notebook_path: tokyo-u-data-science/ds_samplefiles/Chapter9.ipynb
server_signature: 5e786c6e-5fea-11e9-b810-02420a00005a
uid: 1005
gid: 100
start time: 2020-01-28 06:01:46(UTC)
----

----
end time: 2020-01-28 06:01:48(UTC)
0 chunks with matched keywords or errors
----
execute_reply_status: ok
