{"lc_cell_meme": {"current": "dd6b0294-4193-11ea-86a9-02420a01000c"}}
----
# 乳がんデータを読み込むためのインポート
from sklearn.datasets import load_breast_cancer

# 乳がんデータの取得
cancer = load_breast_cancer()

# データをmalignant（悪性）かbenign（良性）に分けるためのフィルター処理
# malignant（悪性）はcancer.targetが0
malignant = cancer.data[cancer.target==0]

# benign（良性）はcancer.targetが0
benign = cancer.data[cancer.target==1]

#　malignant（悪性）がブルー、benign（良性）がオレンジのヒストグラム
# 各図は、各々の説明変数（mean radiusなど）と目的変数との関係を示したヒストグラム
fig, axes = plt.subplots(6,5,figsize=(20,20))
ax = axes.ravel()
for i in range(30):
    _,bins = np.histogram(cancer.data[:,i], bins=50)
    ax[i].hist(malignant[:,i], bins, alpha=.5)
    ax[i].hist(benign[:,i], bins, alpha=.5)
    ax[i].set_title(cancer.feature_names[i])
    ax[i].set_yticks(())
    
# ラベルの設定
ax[0].set_ylabel('Count')
ax[0].legend(['malignant','benign'],loc='best')
fig.tight_layout()
----
path: /home/yoko69d621/tokyo-u-data-science/ds_samplefiles/.log/20200128/20200128-060410-0301.log
notebook_path: tokyo-u-data-science/ds_samplefiles/Chapter9.ipynb
lc_notebook_meme: dd6ab82a-4193-11ea-86a9-02420a01000c
server_signature: 5e786c6e-5fea-11e9-b810-02420a00005a
uid: 1005
gid: 100
start time: 2020-01-28 06:04:10(UTC)
----

----
end time: 2020-01-28 06:04:19(UTC)
0 chunks with matched keywords or errors
----
result: /home/yoko69d621/tokyo-u-data-science/ds_samplefiles/.log/20200128/20200128-060410-0301-0.pkl
execute_reply_status: ok
