{"lc_cell_meme": {"current": "dd6b2026-4193-11ea-86a9-02420a01000c"}}
----
# 全体のバスケットに占める商品Bの購買率を計算
support_b = len(trans_b) / len(trans_all)

# 商品Aを購買したときの商品Bの購買率を計算
confidence = len(trans_ab) / len(trans_a)

# リスト値を計算
lift = confidence / support_b
print('lift:{:.3f}'.format(lift))
----
path: /home/yoko69d621/tokyo-u-data-science/ds_samplefiles/.log/20200128/20200128-060911-0836.log
notebook_path: tokyo-u-data-science/ds_samplefiles/Chapter9.ipynb
lc_notebook_meme: dd6ab82a-4193-11ea-86a9-02420a01000c
server_signature: 5e786c6e-5fea-11e9-b810-02420a00005a
uid: 1005
gid: 100
start time: 2020-01-28 06:09:11(UTC)
----
lift:1.476

----
end time: 2020-01-28 06:09:11(UTC)
0 chunks with matched keywords or errors
----
execute_reply_status: ok
