{"lc_cell_meme": {"current": "3171fb92-6178-11e9-b810-02420a00005a"}}
----
!(curl https://etherpad.opendev.org/p/2020-med-b-ac/export/txt 2> /dev/null 2> /dev/null)|cut -c1-8 |head -64|tail -56|tr [a-z] [A-Z]|uniq|sort
----
path: /home/yoko69d621/textbook/med/.log/20200426/20200426-071908-0640.log
notebook_path: textbook/med/4-linux-operating-system.ipynb
lc_notebook_meme: 3171f642-6178-11e9-b810-02420a00005a
server_signature: 5e786c6e-5fea-11e9-b810-02420a00005a
uid: 1005
gid: 100
start time: 2020-04-26 07:19:08(UTC)
----

M2000057
M2000058
M2000059
M2000060
M2000061
M2000063
M2000064
M2000065
M2000066
M2000067
M2000068
M2000069
M2000070
M2000071
M2000072
M2000073
M2000074
M2000075
M2000076
M2000077
M2000078
M2000079
M2000080
M2000081
M2000082
M2000083
M2000084
M2000085
M2000086
M2000087
M2000088
M2000089
M2000090
M2000091
M2000092
M2000093
M2000094
M2000095
M2000096
M2000097
M2000098
M2000099
M2000100
M2000101
M2000102
M2000103
M2000104
M2000105
M2000106
M2000107
M2000108
M2000109
M2000110
M2000111
M2000112

----
end time: 2020-04-26 07:19:10(UTC)
0 chunks with matched keywords or errors
----
execute_reply_status: ok
