{"lc_cell_meme": {"current": "3171fa16-6178-11e9-b810-02420a00005a"}}
----
!curl https://etherpad.opendev.org/p/2020-med-b-ac|cut -c1-8 
----
path: /home/yoko69d621/textbook/med/.log/20200426/20200426-071505-0243.log
notebook_path: textbook/med/4-linux-operating-system.ipynb
lc_notebook_meme: 3171f642-6178-11e9-b810-02420a00005a
server_signature: 5e786c6e-5fea-11e9-b810-02420a00005a
uid: 1005
gid: 100
start time: 2020-04-26 07:15:05(UTC)
----
  % Total    % Received % Xferd  Average Speed   Time    Time     Time  Current
                                 Dload  Upload   Total   Spent    Left  Speed
  0     0    0     0    0     0      0      0 --:--:-- --:--:-- --:--:--     0
<!doctyp

<html cl


        
        
        
        
        

        

        
        
        

        

        
        
        
        
        

        
        
        
        

        
        
        
        
        

        
        

        
        
        

        
        

        
        
        

        

        
        
        
        
        

        
        
        
<li data
<li data
<li data
<li data
<li data
<li data
<li data
        
<li id="
    <sel
        
        
        
        
        
        
        
        
        
        
    </se
</li>
        
        
        
        
<li data
<li data
        
        
        
        

        
        
        
        
        
        
        
        
        
        
        
        
        
        
        
        
        
        
        
        
        
        
        
        

        
        
        
        
        
        
        
        
        
        
        
        
        
        
        
        
        
        
        
        
        
        
        
        

        
        
        
        
        
        
        
        
        
        
        
        
        
        
        
        
        
        
        
        
        
        
        
        
        
        
        
        
        
        
        
        
        
        
        
        
        
        
        
        
        
        
        
        
        
100 37469  100 37469    0     0  62034      0 --:--:-- --:--:-- --:--:-- 62034
        
        
        
        
        
        
        
        
        
        
        
        
        
        
        
        
        
        
        
        
        
        
        
        
        
        
        
        
        
        
        
        
        
        
        
        
        
        
        
        
        
        
        
        
        
        
        
        
        
        
        
        
        
        
        
        
        
        
        
        
        
        
        
        
        
        
        
        
        
        
        
        
        
        
        
        
        
        
        
        
        
        
        
        
        
        
        
        
        
        
        
        
        
        
        
        
        
        
        
        
        
        
        
        
        
        
        
        
        
        
        
        
        
        
        
        
        
        
        
        
        
        
        
        
        
        
        
        
        
        
        
        
        
        
        
        
        
        
        
        
        
        
        
        
        
        
        
        
        
        
        
        
        
        
        
        
        
        
        
        
        
        
        
        
        
        
        
        
        
        
        
        
        
        
        
        
        
        
        
        
        
        
        
        
        
        
        
        
        
        
        
        
        
        
        
        
        
        
        
        
        
        
        
        
        
        
        
        
        
        
        
        
        
        
        
        
        
        
        
        
        
        
        
        
        
        
        
        
        
        
        

        
        
        
        
        
        
        
        
        
        
        
        
        
        
        
        
        
        
        
        
        
        
        
        
        
        
        
        
        
        
        
        
        
        

        
        
        
        
        
        
        
        
        
        
        
        
        
        
        
        
        
        
        
        
        
        
        
        
        
        
        
        
        
        
        
        
        
        
        
        
        
        
        
        
        
        
        
        
        
        
        
        
        
        
        
        
        
        
        
        
        
        
        
        
        
        
        
        
        
        

        
        
        
        
        
        
        
        
        
        
        
        
        
        
        
        
        
        

        
        
        
        
        

        
        
        
        
        
        
        
        
        
        
        
        
        
        
        

        

        

        

        

        
        

        
        
        
        
        
        
        
        
        
        
        
        
        
        
        
        
        

        

        
        
        

        
        
        

        
        
        
        
        
        

        
        

        
        
        

        
        

        
        

        
        
        

        
        
        
        

        
        
        
        

        
        
        
        
        
        
        
        
        
        
</html>

----
end time: 2020-04-26 07:15:06(UTC)
1 chunks with matched keywords or errors
----
execute_reply_status: ok
