{"lc_cell_meme": {"current": "3171fa7a-6178-11e9-b810-02420a00005a"}}
----
!(curl https://etherpad.opendev.org/p/2020-med-b-ac/export/txtt 2> /dev/null)|cut -c1-8 
----
path: /home/yoko69d621/textbook/med/.log/20200426/20200426-071604-0195.log
notebook_path: textbook/med/4-linux-operating-system.ipynb
lc_notebook_meme: 3171f642-6178-11e9-b810-02420a00005a
server_signature: 5e786c6e-5fea-11e9-b810-02420a00005a
uid: 1005
gid: 100
start time: 2020-04-26 07:16:04(UTC)
----
<!DOCTYP
<html la
<head>
<meta ch
<title>E
</head>
<body>
<pre>Can
</body>
</html>

----
end time: 2020-04-26 07:16:05(UTC)
0 chunks with matched keywords or errors
----
execute_reply_status: ok
