{"lc_cell_meme": {"current": "3171f9b2-6178-11e9-b810-02420a00005a"}}
----
!curl https://etherpad.opendev.org/p/2020-med-b/export/txt
----
path: /home/yoko69d621/textbook/med/.log/20200426/20200426-071420-0275.log
notebook_path: textbook/med/4-linux-operating-system.ipynb
lc_notebook_meme: 3171f642-6178-11e9-b810-02420a00005a
server_signature: 5e786c6e-5fea-11e9-b810-02420a00005a
uid: 1005
gid: 100
start time: 2020-04-26 07:14:20(UTC)
----
注意：このページは基本的に公開されてるので書き込み内容には注意してください。


講義：2020年度　教養教育 : Liberal Arts /  教養基盤科目 : Core / データ・サイエンス：Data Science/　医学-B

[出席管理] 
https://etherpad.opendev.org/p/2020-med-b-ac

[Jupyter Notebook環境]
https://nb03.ecloud.nii.ac.jp

[Jupyterの使い方"（基本の基本）を YouTube で見る]　(11:09)
https://youtu.be/xSh2jIA3PFA　

[医学A側のetherpad] （当然推測できるでしょうけど以下のURLです、ご参考に)
https://etherpad.opendev.org/p/2020-med-a

--------------------------------------------------------------------------------------
(4/30) コンピュータの仕組み　by   横山

TODO: まず、Jupyter Notebookって何をするものって話をする。

[共有したい　「データサイエンス」ネタリスト]

[Q&A] 


[講義後アンケートはじまり]　（無記名で結構です）　

第4回 ネットワークとサービスでも同じ様にJupyter Notebookでグループワーク
する様な構成にした方が良いですか？　無記名で 三つのうちどこかに　* 　を１行書いて
くれません？


（そうしてほしい）



（やめててほしい）




（どちらでもよい）





以下に何か改善のポイントなり、ご意見があれば書いてくださいませ。


[講義後アンケート　おしまい]





------------------------------------------------------------------------------------
(4/23) ガイダンス＋環境設定　by 横山

[共有したい　「情報」ネタリスト]
錯視の科学館
http://www.araiweb.matrix.jp/Exhibition/illusiongallary4.html

[Q&A] 
Q1: このページには誰が書き込んでもいいのですか？
A1: はい、どうぞ。

Q2：皆さん見えますか
A2:見えます。

Q3:Jupyter Notebookで今回の課題をシェアまでできた人はいますか？
すいません
A3: 


[ブレークアウトルームでのグループワークをやってみての感想] 

友達と2人でおしゃべりしてただけで、リンクは開けなかったです。
リンクを誰も開けず何にもできませんでした。 
JupyterNoyebookが開けません
ジュピターが開ません。今のこの現状のなかで顔を見て話せるのは
→　Jupyter Notebookが見えない人の一番ありそうな原因はSSL-VPN
接続して群馬大学内ネットワークに繋がっていないことです。
りんりん姫修了後、受講届けを出して、SSLーVPN利用資格を
もらい、SSL-VPN接続ソフトをインストールして、実際に接続
した後に再度試していただけますでしょうか？
https://www.media.gunma-u.ac.jp/network/ssl-vpn.html

ログインの画面は出るんだけれど、「学認フェデレーション」
をクリックして群馬大学を選んで自分の全学認証IDを入れて、
ログインを拒否される場合は、学認のグループへの招待メールで
入会処理を行なっていない可能性があります。（横山）

インターネットの調子が悪くてZoomのブレークアウトルームから退出になってしまい、グループワークに最後まで参加できませんでした。
Wifiの調子が悪いものだと思って、ルーターを再起動する間、スマートフォンの方からテザリングをしてインターネットにつないだのですが、Zoomのブレークアウトルームやミーティング内に再度入ることもできませんでした。そこで、グループワーク内で行う予定だったジュピターノートブック環境への接続を一人でやろうと思い、Moodleを開こうとしたのですが、インターネットの接続ができているにもかかわらずMoodleでのログインができない状態でした。
その後ジュピターノートブック環境を開く際にインストール・接続したPluseSecureの接続を一度切ってみると、通信状況が元に戻りました。
しかし、PluseSecureに接続した状態でしかジュピターノートブック環境は開けませんし、PluseSecureに接続した状態だとインターネットのページ自体が開けなくなってしまうので、その旨を総合情報メディアセンターの方に問い合わせる予定です。
また、私の参加していたグループワーク内では四人のうち私を含めた三人がジュピターノートブック環境を開けない状態であり、以前行われた会？に出席していた方しかジュピターノートブック環境に入れていませんでした。
課題の２のc以降のやり方は全員理解できていない状態でした。（２のcについては次回以降に行われるとのことです。）
以上が今回のレポートです。

→　詳細なレポートありがとうございます。大変な環境で色々初めての中、様々にトライしていただき、
さらにこういうレポートを書いていただき、本当にありがとうございます。一見無駄に見える
こういう体験も必ず役に立つことがある、という風に思っていただきたいです。うまくいかない
とこ失敗の体験の蓄積で自分の世界が広がって行く、んだと私は信じています。
「それはあんたの人生が失敗の連続だっただけじゃん。」と言われてしまえば、その通りです
けれど、そういう奴は一人はいます。

「２のc以降のやり方は全員理解できていない状態でした。」についてですけれど、
その通りだと思いました。正直、本当は理解できないことをグループで見出す様な
ことまで皆様には期待しています。　考えて、調べて、相談して、それでも分からなければ
私を呼んでいただいて、、、そういうレベルのことをやる、という意図もあります。
２のcに関するヒントは file -> save as です。　（横山）

--------------------------------------------------------------------------------------
(4/17) Jupyter Notebookで遊ぼう会　by 横山

[Q&A] 

Q0-1:ここに書かれてるかどうかってどうやってこっちからは確認するのですか
A0-1:ここに書くと同時にみんなが見れる状態になります。書かれているものはリアルタイムの共有されているので、ここを見ることで確認できています。

Q0-2.ここで質問することになるってことでしょうか？
A0-2: はい、そうしたいと思います。

Q1: https://nb03.ecloud.nii.ac.jp  が開けません…
 A1: VPN接続が必要です
 
Q2.先程shift+enterを押しましたが、あれは何の為に操作なのでしょうか？
A2:そのセルにあるスクリプトを実行する操作になリます。

 Q3:Jupyter Notebookを使用するにはアナコンダというPythonとJupyter Notebookが使用できるものをネット上からインストールする必要がありますか？
 A3: いいえ、全てJupyter環境はクラウドの上に準備してあるのでブラウザさえあれば使えます。
 もちろん自分のPCにインストールして使いたい場合はアナコンダなどで自前で自分の端末に
 インストールする必要はあります。
 ありがとうございます。




----
end time: 2020-04-26 07:14:23(UTC)
2 chunks with matched keywords or errors
----
execute_reply_status: ok
