{"lc_cell_meme": {"current": "d9dbb862-6be2-11e9-96dc-02420a00000b"}}
----
!lsof -i -P
----
path: /home/yoko69d621/textbook/nw_sec/.log/20200530/20200530-072434-0980.log
notebook_path: textbook/nw_sec/5-linux-security.ipynb
lc_notebook_meme: d9dbb4de-6be2-11e9-96dc-02420a00000b
server_signature: 5e786c6e-5fea-11e9-b810-02420a00005a
uid: 1005
gid: 100
start time: 2020-05-30 07:24:34(UTC)
----
COMMAND  PID       USER   FD   TYPE   DEVICE SIZE/OFF NODE NAME
python    32 yoko69d621    5u  IPv4   883834      0t0  TCP *:8888 (LISTEN)
python    32 yoko69d621    9u  IPv4 65699607      0t0  TCP 0d8328bfbbeb:8888->10.1.0.7:38792 (ESTABLISHED)
python    32 yoko69d621   11u  IPv4 96164742      0t0  TCP 0d8328bfbbeb:8888->10.1.0.7:42122 (ESTABLISHED)
python    32 yoko69d621   12u  IPv4 41422321      0t0  TCP 0d8328bfbbeb:8888->10.1.0.7:34990 (ESTABLISHED)
python    32 yoko69d621   13u  IPv4 96302143      0t0  TCP 0d8328bfbbeb:8888->10.1.0.7:55514 (ESTABLISHED)
python    32 yoko69d621   22u  IPv4 96275149      0t0  TCP localhost:40706->localhost:51193 (ESTABLISHED)
python    32 yoko69d621   23u  IPv4 96275150      0t0  TCP localhost:33370->localhost:37464 (ESTABLISHED)
python    32 yoko69d621   24u  IPv4 96275152      0t0  TCP localhost:59050->localhost:57351 (ESTABLISHED)
python    32 yoko69d621   26u  IPv4 96275153      0t0  TCP localhost:40800->localhost:51193 (ESTABLISHED)
python    32 yoko69d621   28u  IPv4 96275154      0t0  TCP localhost:33464->localhost:37464 (ESTABLISHED)
python    32 yoko69d621   30u  IPv4 96275155      0t0  TCP localhost:43410->localhost:56817 (ESTABLISHED)
python    32 yoko69d621  220u  IPv4 89291495      0t0  TCP localhost:40994->localhost:53539 (ESTABLISHED)
python    32 yoko69d621  221u  IPv4 89279440      0t0  TCP localhost:49930->localhost:53121 (ESTABLISHED)
python    32 yoko69d621  222u  IPv4 89291491      0t0  TCP localhost:53392->localhost:39757 (ESTABLISHED)
python    32 yoko69d621  224u  IPv4 89291496      0t0  TCP localhost:50034->localhost:53121 (ESTABLISHED)
python    32 yoko69d621  227u  IPv4 89291497      0t0  TCP localhost:53486->localhost:39757 (ESTABLISHED)
python    32 yoko69d621  228u  IPv4 89291498      0t0  TCP localhost:58480->localhost:40250 (ESTABLISHED)
python    32 yoko69d621  238u  IPv4 89312320      0t0  TCP localhost:53602->localhost:60724 (ESTABLISHED)
python    32 yoko69d621  239u  IPv4 89295644      0t0  TCP localhost:33690->localhost:52506 (ESTABLISHED)
python    32 yoko69d621  240u  IPv4 89295647      0t0  TCP localhost:60292->localhost:45984 (ESTABLISHED)
python    32 yoko69d621  242u  IPv4 89312321      0t0  TCP localhost:60390->localhost:45984 (ESTABLISHED)
python    32 yoko69d621  244u  IPv4 89312322      0t0  TCP localhost:33804->localhost:52506 (ESTABLISHED)
python    32 yoko69d621  246u  IPv4 89312323      0t0  TCP localhost:36894->localhost:48825 (ESTABLISHED)
python  7414 yoko69d621   12u  IPv4 89293471      0t0  TCP localhost:53539 (LISTEN)
python  7414 yoko69d621   14u  IPv4 89293473      0t0  TCP localhost:40250 (LISTEN)
python  7414 yoko69d621   16u  IPv4 89293475      0t0  TCP localhost:53121 (LISTEN)
python  7414 yoko69d621   18u  IPv4 89293477      0t0  TCP localhost:39757 (LISTEN)
python  7414 yoko69d621   23u  IPv4 89293481      0t0  TCP localhost:46280 (LISTEN)
python  7414 yoko69d621   31u  IPv4 89275315      0t0  TCP localhost:48554 (LISTEN)
python  7414 yoko69d621   48u  IPv4 89275366      0t0  TCP localhost:53539->localhost:40994 (ESTABLISHED)
python  7414 yoko69d621   51u  IPv4 89275360      0t0  TCP localhost:53121->localhost:49930 (ESTABLISHED)
python  7414 yoko69d621   52u  IPv4 89275361      0t0  TCP localhost:39757->localhost:53392 (ESTABLISHED)
python  7414 yoko69d621   53u  IPv4 89293507      0t0  TCP localhost:33524->localhost:37202 (ESTABLISHED)
python  7414 yoko69d621   54u  IPv4 89293509      0t0  TCP localhost:41090->localhost:40357 (ESTABLISHED)
python  7414 yoko69d621   55u  IPv4 89293510      0t0  TCP localhost:42518->localhost:51768 (ESTABLISHED)
python  7414 yoko69d621   56u  IPv4 89275365      0t0  TCP localhost:36502->localhost:43590 (ESTABLISHED)
python  7414 yoko69d621   57u  IPv4 89294304      0t0  TCP localhost:49184->localhost:37654 (ESTABLISHED)
python  7414 yoko69d621   59u  IPv4 89275367      0t0  TCP localhost:53121->localhost:50034 (ESTABLISHED)
python  7414 yoko69d621   60u  IPv4 89275368      0t0  TCP localhost:39757->localhost:53486 (ESTABLISHED)
python  7414 yoko69d621   61u  IPv4 89275369      0t0  TCP localhost:40250->localhost:58480 (ESTABLISHED)
python  7426 yoko69d621   12u  IPv4 89284561      0t0  TCP localhost:37202 (LISTEN)
python  7426 yoko69d621   14u  IPv4 89284563      0t0  TCP localhost:37654 (LISTEN)
python  7426 yoko69d621   16u  IPv4 89284565      0t0  TCP localhost:43590 (LISTEN)
python  7426 yoko69d621   18u  IPv4 89284567      0t0  TCP localhost:51768 (LISTEN)
python  7426 yoko69d621   23u  IPv4 89284571      0t0  TCP localhost:44810 (LISTEN)
python  7426 yoko69d621   31u  IPv4 89290483      0t0  TCP localhost:40357 (LISTEN)
python  7426 yoko69d621   37u  IPv4 89293508      0t0  TCP localhost:37202->localhost:33524 (ESTABLISHED)
python  7426 yoko69d621   38u  IPv4 89297420      0t0  TCP localhost:40357->localhost:41090 (ESTABLISHED)
python  7426 yoko69d621   39u  IPv4 89293511      0t0  TCP localhost:51768->localhost:42518 (ESTABLISHED)
python  7426 yoko69d621   41u  IPv4 89293512      0t0  TCP localhost:43590->localhost:36502 (ESTABLISHED)
python  7426 yoko69d621   42u  IPv4 89293513      0t0  TCP localhost:37654->localhost:49184 (ESTABLISHED)
python  7446 yoko69d621   12u  IPv4 89297826      0t0  TCP localhost:60724 (LISTEN)
python  7446 yoko69d621   14u  IPv4 89297828      0t0  TCP localhost:48825 (LISTEN)
python  7446 yoko69d621   16u  IPv4 89297830      0t0  TCP localhost:45984 (LISTEN)
python  7446 yoko69d621   18u  IPv4 89297832      0t0  TCP localhost:52506 (LISTEN)
python  7446 yoko69d621   23u  IPv4 89297836      0t0  TCP localhost:35268 (LISTEN)
python  7446 yoko69d621   31u  IPv4 89294492      0t0  TCP localhost:51915 (LISTEN)
python  7446 yoko69d621   50u  IPv4 89294560      0t0  TCP localhost:60724->localhost:53602 (ESTABLISHED)
python  7446 yoko69d621   51u  IPv4 89294539      0t0  TCP localhost:52506->localhost:33690 (ESTABLISHED)
python  7446 yoko69d621   52u  IPv4 89294540      0t0  TCP localhost:45984->localhost:60292 (ESTABLISHED)
python  7446 yoko69d621   53u  IPv4 89294555      0t0  TCP localhost:58514->localhost:34390 (ESTABLISHED)
python  7446 yoko69d621   54u  IPv4 89294556      0t0  TCP localhost:39302->localhost:44721 (ESTABLISHED)
python  7446 yoko69d621   55u  IPv4 89294557      0t0  TCP localhost:48460->localhost:39423 (ESTABLISHED)
python  7446 yoko69d621   56u  IPv4 89294558      0t0  TCP localhost:53038->localhost:38112 (ESTABLISHED)
python  7446 yoko69d621   57u  IPv4 89294559      0t0  TCP localhost:42604->localhost:45100 (ESTABLISHED)
python  7446 yoko69d621   59u  IPv4 89294561      0t0  TCP localhost:45984->localhost:60390 (ESTABLISHED)
python  7446 yoko69d621   60u  IPv4 89294562      0t0  TCP localhost:52506->localhost:33804 (ESTABLISHED)
python  7446 yoko69d621   61u  IPv4 89294563      0t0  TCP localhost:48825->localhost:36894 (ESTABLISHED)
python  7458 yoko69d621   12u  IPv4 89291619      0t0  TCP localhost:44721 (LISTEN)
python  7458 yoko69d621   14u  IPv4 89291621      0t0  TCP localhost:45100 (LISTEN)
python  7458 yoko69d621   16u  IPv4 89291623      0t0  TCP localhost:34390 (LISTEN)
python  7458 yoko69d621   18u  IPv4 89291625      0t0  TCP localhost:38112 (LISTEN)
python  7458 yoko69d621   23u  IPv4 89291629      0t0  TCP localhost:42976 (LISTEN)
python  7458 yoko69d621   31u  IPv4 89298532      0t0  TCP localhost:39423 (LISTEN)
python  7458 yoko69d621   33u  IPv4 89306440      0t0  TCP localhost:34390->localhost:58514 (ESTABLISHED)
python  7458 yoko69d621   38u  IPv4 89306441      0t0  TCP localhost:44721->localhost:39302 (ESTABLISHED)
python  7458 yoko69d621   39u  IPv4 89306442      0t0  TCP localhost:39423->localhost:48460 (ESTABLISHED)
python  7458 yoko69d621   40u  IPv4 89306443      0t0  TCP localhost:38112->localhost:53038 (ESTABLISHED)
python  7458 yoko69d621   42u  IPv4 89287239      0t0  TCP localhost:45100->localhost:42604 (ESTABLISHED)
python  7501 yoko69d621   12u  IPv4 96298394      0t0  TCP localhost:57351 (LISTEN)
python  7501 yoko69d621   14u  IPv4 96298396      0t0  TCP localhost:56817 (LISTEN)
python  7501 yoko69d621   16u  IPv4 96298398      0t0  TCP localhost:51193 (LISTEN)
python  7501 yoko69d621   18u  IPv4 96298400      0t0  TCP localhost:37464 (LISTEN)
python  7501 yoko69d621   23u  IPv4 96298404      0t0  TCP localhost:35056 (LISTEN)
python  7501 yoko69d621   31u  IPv4 96289441      0t0  TCP localhost:34964 (LISTEN)
python  7501 yoko69d621   50u  IPv4 96289442      0t0  TCP localhost:51193->localhost:40706 (ESTABLISHED)
python  7501 yoko69d621   51u  IPv4 96289443      0t0  TCP localhost:37464->localhost:33370 (ESTABLISHED)
python  7501 yoko69d621   52u  IPv4 96289447      0t0  TCP localhost:57351->localhost:59050 (ESTABLISHED)
python  7501 yoko69d621   53u  IPv4 96274390      0t0  TCP localhost:33780->localhost:43975 (ESTABLISHED)
python  7501 yoko69d621   54u  IPv4 96301115      0t0  TCP localhost:58416->localhost:53557 (ESTABLISHED)
python  7501 yoko69d621   55u  IPv4 96301116      0t0  TCP localhost:55798->localhost:37727 (ESTABLISHED)
python  7501 yoko69d621   56u  IPv4 96301117      0t0  TCP localhost:55434->localhost:41604 (ESTABLISHED)
python  7501 yoko69d621   57u  IPv4 96301118      0t0  TCP localhost:51090->localhost:48130 (ESTABLISHED)
python  7501 yoko69d621   59u  IPv4 96289448      0t0  TCP localhost:51193->localhost:40800 (ESTABLISHED)
python  7501 yoko69d621   60u  IPv4 96289449      0t0  TCP localhost:37464->localhost:33464 (ESTABLISHED)
python  7501 yoko69d621   61u  IPv4 96289450      0t0  TCP localhost:56817->localhost:43410 (ESTABLISHED)
python  7513 yoko69d621   12u  IPv4 96295439      0t0  TCP localhost:53557 (LISTEN)
python  7513 yoko69d621   14u  IPv4 96295441      0t0  TCP localhost:48130 (LISTEN)
python  7513 yoko69d621   16u  IPv4 96295443      0t0  TCP localhost:43975 (LISTEN)
python  7513 yoko69d621   18u  IPv4 96295445      0t0  TCP localhost:41604 (LISTEN)
python  7513 yoko69d621   23u  IPv4 96295449      0t0  TCP localhost:43647 (LISTEN)
python  7513 yoko69d621   31u  IPv4 96274389      0t0  TCP localhost:37727 (LISTEN)
python  7513 yoko69d621   35u  IPv4 96291502      0t0  TCP localhost:43975->localhost:33780 (ESTABLISHED)
python  7513 yoko69d621   38u  IPv4 96291503      0t0  TCP localhost:53557->localhost:58416 (ESTABLISHED)
python  7513 yoko69d621   39u  IPv4 96287252      0t0  TCP localhost:37727->localhost:55798 (ESTABLISHED)
python  7513 yoko69d621   40u  IPv4 96291504      0t0  TCP localhost:41604->localhost:55434 (ESTABLISHED)
python  7513 yoko69d621   42u  IPv4 96291505      0t0  TCP localhost:48130->localhost:51090 (ESTABLISHED)

----
end time: 2020-05-30 07:24:37(UTC)
0 chunks with matched keywords or errors
----
execute_reply_status: ok
